<?xml version="1.0" encoding="UTF-8"?>
<testsuite name="testSuite.RellenarCampos" tests="1" skipped="0" failures="0" errors="0" timestamp="2021-01-18T16:55:30" hostname="DESKTOP-T9OQV03" time="1.258">
  <properties/>
  <testcase name="IngresaInfo" classname="testSuite.RellenarCampos" time="1.258"/>
  <system-out><![CDATA[null
]]></system-out>
  <system-err><![CDATA[]]></system-err>
</testsuite>
